TN:
SF:taskController.js
FN:12,(anonymous_0)
FN:17,(anonymous_1)
FN:23,(anonymous_2)
FN:34,(anonymous_3)
FN:39,(anonymous_4)
FN:53,(anonymous_5)
FN:58,(anonymous_6)
FN:75,(anonymous_7)
FN:80,(anonymous_8)
FN:91,(anonymous_9)
FN:97,(anonymous_10)
FN:104,(anonymous_11)
FN:123,(anonymous_12)
FN:128,(anonymous_13)
FN:137,(anonymous_14)
FN:156,(anonymous_15)
FN:161,(anonymous_16)
FN:174,(anonymous_17)
FN:179,(anonymous_18)
FN:197,(anonymous_19)
FN:202,(anonymous_20)
FN:213,(anonymous_21)
FN:218,(anonymous_22)
FN:225,(anonymous_23)
FNF:24
FNH:17
FNDA:0,(anonymous_0)
FNDA:2,(anonymous_1)
FNDA:2,(anonymous_2)
FNDA:2,(anonymous_3)
FNDA:5,(anonymous_4)
FNDA:1,(anonymous_5)
FNDA:1,(anonymous_6)
FNDA:0,(anonymous_7)
FNDA:0,(anonymous_8)
FNDA:4,(anonymous_9)
FNDA:2,(anonymous_10)
FNDA:1,(anonymous_11)
FNDA:0,(anonymous_12)
FNDA:1,(anonymous_13)
FNDA:2,(anonymous_14)
FNDA:1,(anonymous_15)
FNDA:3,(anonymous_16)
FNDA:1,(anonymous_17)
FNDA:1,(anonymous_18)
FNDA:0,(anonymous_19)
FNDA:0,(anonymous_20)
FNDA:3,(anonymous_21)
FNDA:2,(anonymous_22)
FNDA:0,(anonymous_23)
DA:1,1
DA:6,1
DA:12,1
DA:13,0
DA:17,1
DA:18,2
DA:19,2
DA:20,1
DA:23,2
DA:24,1
DA:25,1
DA:26,1
DA:34,1
DA:35,2
DA:37,2
DA:39,5
DA:41,2
DA:42,1
DA:45,1
DA:53,1
DA:54,1
DA:55,1
DA:58,1
DA:61,1
DA:62,0
DA:66,1
DA:67,1
DA:71,1
DA:75,1
DA:76,0
DA:78,0
DA:80,0
DA:81,0
DA:83,0
DA:86,0
DA:91,1
DA:92,4
DA:93,4
DA:96,4
DA:97,1
DA:98,2
DA:103,4
DA:104,1
DA:107,4
DA:123,1
DA:124,0
DA:128,1
DA:129,1
DA:130,1
DA:131,0
DA:137,2
DA:141,1
DA:145,1
DA:149,1
DA:156,1
DA:157,1
DA:159,1
DA:161,3
DA:163,1
DA:164,0
DA:167,1
DA:174,1
DA:175,1
DA:176,1
DA:179,1
DA:182,1
DA:183,0
DA:187,1
DA:188,1
DA:192,1
DA:197,1
DA:198,0
DA:200,0
DA:202,0
DA:203,0
DA:205,0
DA:208,0
DA:213,1
DA:214,3
DA:215,3
DA:217,3
DA:218,1
DA:219,2
DA:224,3
DA:225,0
DA:228,3
LF:86
LH:67
BRDA:19,0,0,1
BRDA:19,0,1,1
BRDA:23,1,0,1
BRDA:23,1,1,0
BRDA:41,2,0,1
BRDA:41,2,1,1
BRDA:61,3,0,0
BRDA:61,3,1,1
BRDA:66,4,0,1
BRDA:66,4,1,0
BRDA:78,5,0,0
BRDA:78,5,1,0
BRDA:96,6,0,1
BRDA:96,6,1,3
BRDA:103,7,0,1
BRDA:103,7,1,3
BRDA:130,8,0,0
BRDA:130,8,1,1
BRDA:137,9,0,1
BRDA:137,9,1,0
BRDA:163,10,0,0
BRDA:163,10,1,1
BRDA:182,11,0,0
BRDA:182,11,1,1
BRDA:187,12,0,1
BRDA:187,12,1,0
BRDA:200,13,0,0
BRDA:200,13,1,0
BRDA:217,14,0,1
BRDA:217,14,1,2
BRDA:224,15,0,0
BRDA:224,15,1,3
BRF:32
BRH:19
end_of_record
